# JRE version: Java(TM) SE Runtime Environment (8.0_211-b12) (build 1.8.0_211-b12)
# Java VM: Java HotSpot(TM) 64-Bit Server VM (25.211-b12 mixed mode windows-amd64 compressed oops)
Heap:
 PSYoungGen      total 142848K, used 90139K [0x00000000f5580000, 0x00000000ff100000, 0x0000000100000000)
  eden space 129536K, 59% used [0x00000000f5580000,0x00000000fa0889c8,0x00000000fd400000)
  from space 13312K, 99% used [0x00000000fe300000,0x00000000feffe238,0x00000000ff000000)
  to   space 14848K, 0% used [0x00000000fd400000,0x00000000fd400000,0x00000000fe280000)
 ParOldGen       total 175616K, used 17631K [0x00000000e0000000, 0x00000000eab80000, 0x00000000f5580000)
  object space 175616K, 10% used [0x00000000e0000000,0x00000000e1137fc0,0x00000000eab80000)
 Metaspace       used 50677K, capacity 52262K, committed 52480K, reserved 1093632K
  class space    used 6945K, capacity 7416K, committed 7424K, reserved 1048576K
GC Heap History (10 events):
Event: 9.584 GC heap before
{Heap before GC invocations=6 (full 1):
 PSYoungGen      total 76288K, used 74947K [0x00000000f5580000, 0x00000000fc580000, 0x0000000100000000)
  eden space 65536K, 100% used [0x00000000f5580000,0x00000000f9580000,0x00000000f9580000)
  from space 10752K, 87% used [0x00000000fa000000,0x00000000fa930cb0,0x00000000faa80000)
  to   space 10752K, 0% used [0x00000000f9580000,0x00000000f9580000,0x00000000fa000000)
 ParOldGen       total 175104K, used 11945K [0x00000000e0000000, 0x00000000eab00000, 0x00000000f5580000)
  object space 175104K, 6% used [0x00000000e0000000,0x00000000e0baa508,0x00000000eab00000)
 Metaspace       used 33768K, capacity 34450K, committed 34816K, reserved 1079296K
  class space    used 4551K, capacity 4801K, committed 4864K, reserved 1048576K
Event: 9.594 GC heap after
Heap after GC invocations=6 (full 1):
 PSYoungGen      total 76288K, used 10731K [0x00000000f5580000, 0x00000000fc900000, 0x0000000100000000)
  eden space 65536K, 0% used [0x00000000f5580000,0x00000000f5580000,0x00000000f9580000)
  from space 10752K, 99% used [0x00000000f9580000,0x00000000f9ffae30,0x00000000fa000000)
  to   space 13824K, 0% used [0x00000000fbb80000,0x00000000fbb80000,0x00000000fc900000)
 ParOldGen       total 175104K, used 12409K [0x00000000e0000000, 0x00000000eab00000, 0x00000000f5580000)
  object space 175104K, 7% used [0x00000000e0000000,0x00000000e0c1e590,0x00000000eab00000)
 Metaspace       used 33768K, capacity 34450K, committed 34816K, reserved 1079296K
  class space    used 4551K, capacity 4801K, committed 4864K, reserved 1048576K
}
Event: 9.867 GC heap before
{Heap before GC invocations=7 (full 1):
 PSYoungGen      total 76288K, used 34768K [0x00000000f5580000, 0x00000000fc900000, 0x0000000100000000)
  eden space 65536K, 36% used [0x00000000f5580000,0x00000000f6cf92f8,0x00000000f9580000)
  from space 10752K, 99% used [0x00000000f9580000,0x00000000f9ffae30,0x00000000fa000000)
  to   space 13824K, 0% used [0x00000000fbb80000,0x00000000fbb80000,0x00000000fc900000)
 ParOldGen       total 175104K, used 12409K [0x00000000e0000000, 0x00000000eab00000, 0x00000000f5580000)
  object space 175104K, 7% used [0x00000000e0000000,0x00000000e0c1e590,0x00000000eab00000)
 Metaspace       used 34717K, capacity 35380K, committed 35456K, reserved 1079296K
  class space    used 4724K, capacity 4979K, committed 4992K, reserved 1048576K
Event: 9.879 GC heap after
Heap after GC invocations=7 (full 1):
 PSYoungGen      total 104960K, used 9734K [0x00000000f5580000, 0x00000000fd580000, 0x0000000100000000)
  eden space 91136K, 0% used [0x00000000f5580000,0x00000000f5580000,0x00000000fae80000)
  from space 13824K, 70% used [0x00000000fbb80000,0x00000000fc501880,0x00000000fc900000)
  to   space 13312K, 0% used [0x00000000fae80000,0x00000000fae80000,0x00000000fbb80000)
 ParOldGen       total 175104K, used 12417K [0x00000000e0000000, 0x00000000eab00000, 0x00000000f5580000)
  object space 175104K, 7% used [0x00000000e0000000,0x00000000e0c20590,0x00000000eab00000)
 Metaspace       used 34717K, capacity 35380K, committed 35456K, reserved 1079296K
  class space    used 4724K, capacity 4979K, committed 4992K, reserved 1048576K
}
Event: 9.879 GC heap before
{Heap before GC invocations=8 (full 2):
 PSYoungGen      total 104960K, used 9734K [0x00000000f5580000, 0x00000000fd580000, 0x0000000100000000)
  eden space 91136K, 0% used [0x00000000f5580000,0x00000000f5580000,0x00000000fae80000)
  from space 13824K, 70% used [0x00000000fbb80000,0x00000000fc501880,0x00000000fc900000)
  to   space 13312K, 0% used [0x00000000fae80000,0x00000000fae80000,0x00000000fbb80000)
 ParOldGen       total 175104K, used 12417K [0x00000000e0000000, 0x00000000eab00000, 0x00000000f5580000)
  object space 175104K, 7% used [0x00000000e0000000,0x00000000e0c20590,0x00000000eab00000)
 Metaspace       used 34717K, capacity 35380K, committed 35456K, reserved 1079296K
  class space    used 4724K, capacity 4979K, committed 4992K, reserved 1048576K
Event: 9.998 GC heap after
Heap after GC invocations=8 (full 2):
 PSYoungGen      total 104960K, used 0K [0x00000000f5580000, 0x00000000fd580000, 0x0000000100000000)
  eden space 91136K, 0% used [0x00000000f5580000,0x00000000f5580000,0x00000000fae80000)
  from space 13824K, 0% used [0x00000000fbb80000,0x00000000fbb80000,0x00000000fc900000)
  to   space 13312K, 0% used [0x00000000fae80000,0x00000000fae80000,0x00000000fbb80000)
 ParOldGen       total 175616K, used 17442K [0x00000000e0000000, 0x00000000eab80000, 0x00000000f5580000)
  object space 175616K, 9% used [0x00000000e0000000,0x00000000e1108b50,0x00000000eab80000)
 Metaspace       used 34702K, capacity 35362K, committed 35456K, reserved 1079296K
  class space    used 4719K, capacity 4973K, committed 4992K, reserved 1048576K
}
Event: 11.080 GC heap before
{Heap before GC invocations=9 (full 2):
 PSYoungGen      total 104960K, used 91136K [0x00000000f5580000, 0x00000000fd580000, 0x0000000100000000)
  eden space 91136K, 100% used [0x00000000f5580000,0x00000000fae80000,0x00000000fae80000)
  from space 13824K, 0% used [0x00000000fbb80000,0x00000000fbb80000,0x00000000fc900000)
  to   space 13312K, 0% used [0x00000000fae80000,0x00000000fae80000,0x00000000fbb80000)
 ParOldGen       total 175616K, used 17442K [0x00000000e0000000, 0x00000000eab80000, 0x00000000f5580000)
  object space 175616K, 9% used [0x00000000e0000000,0x00000000e1108b50,0x00000000eab80000)
 Metaspace       used 39055K, capacity 40198K, committed 40320K, reserved 1083392K
  class space    used 5418K, capacity 5741K, committed 5760K, reserved 1048576K
Event: 11.090 GC heap after
Heap after GC invocations=9 (full 2):
 PSYoungGen      total 104448K, used 6552K [0x00000000f5580000, 0x00000000ff000000, 0x0000000100000000)
  eden space 91136K, 0% used [0x00000000f5580000,0x00000000f5580000,0x00000000fae80000)
  from space 13312K, 49% used [0x00000000fae80000,0x00000000fb4e62c8,0x00000000fbb80000)
  to   space 13312K, 0% used [0x00000000fe300000,0x00000000fe300000,0x00000000ff000000)
 ParOldGen       total 175616K, used 17450K [0x00000000e0000000, 0x00000000eab80000, 0x00000000f5580000)
  object space 175616K, 9% used [0x00000000e0000000,0x00000000e110ab50,0x00000000eab80000)
 Metaspace       used 39055K, capacity 40198K, committed 40320K, reserved 1083392K
  class space    used 5418K, capacity 5741K, committed 5760K, reserved 1048576K
}
Event: 12.542 GC heap before
{Heap before GC invocations=10 (full 2):
 PSYoungGen      total 104448K, used 97688K [0x00000000f5580000, 0x00000000ff000000, 0x0000000100000000)
  eden space 91136K, 100% used [0x00000000f5580000,0x00000000fae80000,0x00000000fae80000)
  from space 13312K, 49% used [0x00000000fae80000,0x00000000fb4e62c8,0x00000000fbb80000)
  to   space 13312K, 0% used [0x00000000fe300000,0x00000000fe300000,0x00000000ff000000)
 ParOldGen       total 175616K, used 17450K [0x00000000e0000000, 0x00000000eab80000, 0x00000000f5580000)
  object space 175616K, 9% used [0x00000000e0000000,0x00000000e110ab50,0x00000000eab80000)
 Metaspace       used 47048K, capacity 48474K, committed 48640K, reserved 1091584K
  class space    used 6451K, capacity 6835K, committed 6912K, reserved 1048576K
Event: 12.555 GC heap after
Heap after GC invocations=10 (full 2):
 PSYoungGen      total 142848K, used 13304K [0x00000000f5580000, 0x00000000ff100000, 0x0000000100000000)
  eden space 129536K, 0% used [0x00000000f5580000,0x00000000f5580000,0x00000000fd400000)
  from space 13312K, 99% used [0x00000000fe300000,0x00000000feffe238,0x00000000ff000000)
  to   space 14848K, 0% used [0x00000000fd400000,0x00000000fd400000,0x00000000fe280000)
 ParOldGen       total 175616K, used 17631K [0x00000000e0000000, 0x00000000eab80000, 0x00000000f5580000)
  object space 175616K, 10% used [0x00000000e0000000,0x00000000e1137fc0,0x00000000eab80000)
 Metaspace       used 47048K, capacity 48474K, committed 48640K, reserved 1091584K
  class space    used 6451K, capacity 6835K, committed 6912K, reserved 1048576K
}

