# JRE version: Java(TM) SE Runtime Environment (8.0_211-b12) (build 1.8.0_211-b12)
# Java VM: Java HotSpot(TM) 64-Bit Server VM (25.211-b12 mixed mode windows-amd64 compressed oops)
Heap:
 PSYoungGen      total 129536K, used 101483K [0x00000000f5580000, 0x00000000ffb00000, 0x0000000100000000)
  eden space 91648K, 88% used [0x00000000f5580000,0x00000000fa4c1200,0x00000000faf00000)
  from space 37888K, 53% used [0x00000000fd600000,0x00000000fe9d9a80,0x00000000ffb00000)
  to   space 38912K, 0% used [0x00000000faf00000,0x00000000faf00000,0x00000000fd500000)
 ParOldGen       total 223744K, used 63983K [0x00000000e0000000, 0x00000000eda80000, 0x00000000f5580000)
  object space 223744K, 28% used [0x00000000e0000000,0x00000000e3e7bd00,0x00000000eda80000)
 Metaspace       used 101889K, capacity 108238K, committed 108736K, reserved 1142784K
  class space    used 13362K, capacity 14524K, committed 14824K, reserved 1048576K
GC Heap History (10 events):
Event: 3771.607 GC heap before
{Heap before GC invocations=40 (full 4):
 PSYoungGen      total 125440K, used 24495K [0x00000000f5580000, 0x0000000100000000, 0x0000000100000000)
  eden space 81408K, 0% used [0x00000000f5580000,0x00000000f5580000,0x00000000fa500000)
  from space 44032K, 55% used [0x00000000fce80000,0x00000000fe66bcf8,0x00000000ff980000)
  to   space 42496K, 0% used [0x00000000fa500000,0x00000000fa500000,0x00000000fce80000)
 ParOldGen       total 178176K, used 74404K [0x00000000e0000000, 0x00000000eae00000, 0x00000000f5580000)
  object space 178176K, 41% used [0x00000000e0000000,0x00000000e48a9178,0x00000000eae00000)
 Metaspace       used 91724K, capacity 98396K, committed 98496K, reserved 1134592K
  class space    used 12099K, capacity 13216K, committed 13288K, reserved 1048576K
Event: 3771.843 GC heap after
Heap after GC invocations=40 (full 4):
 PSYoungGen      total 125440K, used 0K [0x00000000f5580000, 0x0000000100000000, 0x0000000100000000)
  eden space 81408K, 0% used [0x00000000f5580000,0x00000000f5580000,0x00000000fa500000)
  from space 44032K, 0% used [0x00000000fce80000,0x00000000fce80000,0x00000000ff980000)
  to   space 42496K, 0% used [0x00000000fa500000,0x00000000fa500000,0x00000000fce80000)
 ParOldGen       total 223744K, used 63951K [0x00000000e0000000, 0x00000000eda80000, 0x00000000f5580000)
  object space 223744K, 28% used [0x00000000e0000000,0x00000000e3e73d00,0x00000000eda80000)
 Metaspace       used 90648K, capacity 95818K, committed 98496K, reserved 1134592K
  class space    used 11819K, capacity 12780K, committed 13288K, reserved 1048576K
}
Event: 3775.702 GC heap before
{Heap before GC invocations=41 (full 4):
 PSYoungGen      total 125440K, used 81408K [0x00000000f5580000, 0x0000000100000000, 0x0000000100000000)
  eden space 81408K, 100% used [0x00000000f5580000,0x00000000fa500000,0x00000000fa500000)
  from space 44032K, 0% used [0x00000000fce80000,0x00000000fce80000,0x00000000ff980000)
  to   space 42496K, 0% used [0x00000000fa500000,0x00000000fa500000,0x00000000fce80000)
 ParOldGen       total 223744K, used 63951K [0x00000000e0000000, 0x00000000eda80000, 0x00000000f5580000)
  object space 223744K, 28% used [0x00000000e0000000,0x00000000e3e73d00,0x00000000eda80000)
 Metaspace       used 92594K, capacity 97896K, committed 99648K, reserved 1136640K
  class space    used 12020K, capacity 13027K, committed 13416K, reserved 1048576K
Event: 3775.718 GC heap after
Heap after GC invocations=41 (full 4):
 PSYoungGen      total 123904K, used 7454K [0x00000000f5580000, 0x00000000fff80000, 0x0000000100000000)
  eden space 81408K, 0% used [0x00000000f5580000,0x00000000f5580000,0x00000000fa500000)
  from space 42496K, 17% used [0x00000000fa500000,0x00000000fac47888,0x00000000fce80000)
  to   space 43008K, 0% used [0x00000000fd580000,0x00000000fd580000,0x00000000fff80000)
 ParOldGen       total 223744K, used 63959K [0x00000000e0000000, 0x00000000eda80000, 0x00000000f5580000)
  object space 223744K, 28% used [0x00000000e0000000,0x00000000e3e75d00,0x00000000eda80000)
 Metaspace       used 92594K, capacity 97896K, committed 99648K, reserved 1136640K
  class space    used 12020K, capacity 13027K, committed 13416K, reserved 1048576K
}
Event: 3777.282 GC heap before
{Heap before GC invocations=42 (full 4):
 PSYoungGen      total 123904K, used 88862K [0x00000000f5580000, 0x00000000fff80000, 0x0000000100000000)
  eden space 81408K, 100% used [0x00000000f5580000,0x00000000fa500000,0x00000000fa500000)
  from space 42496K, 17% used [0x00000000fa500000,0x00000000fac47888,0x00000000fce80000)
  to   space 43008K, 0% used [0x00000000fd580000,0x00000000fd580000,0x00000000fff80000)
 ParOldGen       total 223744K, used 63959K [0x00000000e0000000, 0x00000000eda80000, 0x00000000f5580000)
  object space 223744K, 28% used [0x00000000e0000000,0x00000000e3e75d00,0x00000000eda80000)
 Metaspace       used 93569K, capacity 98846K, committed 100544K, reserved 1136640K
  class space    used 12120K, capacity 13102K, committed 13544K, reserved 1048576K
Event: 3777.295 GC heap after
Heap after GC invocations=42 (full 4):
 PSYoungGen      total 131072K, used 12890K [0x00000000f5580000, 0x00000000ffe80000, 0x0000000100000000)
  eden space 89088K, 0% used [0x00000000f5580000,0x00000000f5580000,0x00000000fac80000)
  from space 41984K, 30% used [0x00000000fd580000,0x00000000fe2168f0,0x00000000ffe80000)
  to   space 41984K, 0% used [0x00000000fac80000,0x00000000fac80000,0x00000000fd580000)
 ParOldGen       total 223744K, used 63967K [0x00000000e0000000, 0x00000000eda80000, 0x00000000f5580000)
  object space 223744K, 28% used [0x00000000e0000000,0x00000000e3e77d00,0x00000000eda80000)
 Metaspace       used 93569K, capacity 98846K, committed 100544K, reserved 1136640K
  class space    used 12120K, capacity 13102K, committed 13544K, reserved 1048576K
}
Event: 3777.529 GC heap before
{Heap before GC invocations=43 (full 4):
 PSYoungGen      total 131072K, used 101978K [0x00000000f5580000, 0x00000000ffe80000, 0x0000000100000000)
  eden space 89088K, 100% used [0x00000000f5580000,0x00000000fac80000,0x00000000fac80000)
  from space 41984K, 30% used [0x00000000fd580000,0x00000000fe2168f0,0x00000000ffe80000)
  to   space 41984K, 0% used [0x00000000fac80000,0x00000000fac80000,0x00000000fd580000)
 ParOldGen       total 223744K, used 63967K [0x00000000e0000000, 0x00000000eda80000, 0x00000000f5580000)
  object space 223744K, 28% used [0x00000000e0000000,0x00000000e3e77d00,0x00000000eda80000)
 Metaspace       used 93936K, capacity 99292K, committed 101056K, reserved 1136640K
  class space    used 12167K, capacity 13155K, committed 13544K, reserved 1048576K
Event: 3777.545 GC heap after
Heap after GC invocations=43 (full 4):
 PSYoungGen      total 131072K, used 22374K [0x00000000f5580000, 0x00000000ffe00000, 0x0000000100000000)
  eden space 89088K, 0% used [0x00000000f5580000,0x00000000f5580000,0x00000000fac80000)
  from space 41984K, 53% used [0x00000000fac80000,0x00000000fc2599b8,0x00000000fd580000)
  to   space 40960K, 0% used [0x00000000fd600000,0x00000000fd600000,0x00000000ffe00000)
 ParOldGen       total 223744K, used 63975K [0x00000000e0000000, 0x00000000eda80000, 0x00000000f5580000)
  object space 223744K, 28% used [0x00000000e0000000,0x00000000e3e79d00,0x00000000eda80000)
 Metaspace       used 93936K, capacity 99292K, committed 101056K, reserved 1136640K
  class space    used 12167K, capacity 13155K, committed 13544K, reserved 1048576K
}
Event: 3779.244 GC heap before
{Heap before GC invocations=44 (full 4):
 PSYoungGen      total 131072K, used 111462K [0x00000000f5580000, 0x00000000ffe00000, 0x0000000100000000)
  eden space 89088K, 100% used [0x00000000f5580000,0x00000000fac80000,0x00000000fac80000)
  from space 41984K, 53% used [0x00000000fac80000,0x00000000fc2599b8,0x00000000fd580000)
  to   space 40960K, 0% used [0x00000000fd600000,0x00000000fd600000,0x00000000ffe00000)
 ParOldGen       total 223744K, used 63975K [0x00000000e0000000, 0x00000000eda80000, 0x00000000f5580000)
  object space 223744K, 28% used [0x00000000e0000000,0x00000000e3e79d00,0x00000000eda80000)
 Metaspace       used 99831K, capacity 105564K, committed 106816K, reserved 1142784K
  class space    used 13063K, capacity 14151K, committed 14440K, reserved 1048576K
Event: 3779.260 GC heap after
Heap after GC invocations=44 (full 4):
 PSYoungGen      total 129536K, used 20326K [0x00000000f5580000, 0x00000000ffb00000, 0x0000000100000000)
  eden space 91648K, 0% used [0x00000000f5580000,0x00000000f5580000,0x00000000faf00000)
  from space 37888K, 53% used [0x00000000fd600000,0x00000000fe9d9a80,0x00000000ffb00000)
  to   space 38912K, 0% used [0x00000000faf00000,0x00000000faf00000,0x00000000fd500000)
 ParOldGen       total 223744K, used 63983K [0x00000000e0000000, 0x00000000eda80000, 0x00000000f5580000)
  object space 223744K, 28% used [0x00000000e0000000,0x00000000e3e7bd00,0x00000000eda80000)
 Metaspace       used 99831K, capacity 105564K, committed 106816K, reserved 1142784K
  class space    used 13063K, capacity 14151K, committed 14440K, reserved 1048576K
}

