# JRE version: OpenJDK Runtime Environment (8.0_202-b03) (build 1.8.0_202-release-1483-b03)
# Java VM: OpenJDK 64-Bit Server VM (25.202-b03 mixed mode windows-amd64 compressed oops)
Heap:
 PSYoungGen      total 137216K, used 59795K [0x00000000f5580000, 0x0000000100000000, 0x0000000100000000)
  eden space 104448K, 42% used [0x00000000f5580000,0x00000000f8143410,0x00000000fbb80000)
  from space 32768K, 45% used [0x00000000fbb80000,0x00000000fca21b50,0x00000000fdb80000)
  to   space 31232K, 0% used [0x00000000fe180000,0x00000000fe180000,0x0000000100000000)
 ParOldGen       total 258560K, used 67969K [0x00000000e0000000, 0x00000000efc80000, 0x00000000f5580000)
  object space 258560K, 26% used [0x00000000e0000000,0x00000000e4260550,0x00000000efc80000)
 Metaspace       used 85002K, capacity 89870K, committed 90112K, reserved 1128448K
  class space    used 11054K, capacity 12023K, committed 12032K, reserved 1048576K
GC Heap History (10 events):
Event: 77.634 GC heap before
{Heap before GC invocations=18 (full 3):
 PSYoungGen      total 147968K, used 147936K [0x00000000f5580000, 0x0000000100000000, 0x0000000100000000)
  eden space 127488K, 100% used [0x00000000f5580000,0x00000000fd200000,0x00000000fd200000)
  from space 20480K, 99% used [0x00000000fec00000,0x00000000ffff8020,0x0000000100000000)
  to   space 23552K, 0% used [0x00000000fd200000,0x00000000fd200000,0x00000000fe900000)
 ParOldGen       total 258560K, used 35389K [0x00000000e0000000, 0x00000000efc80000, 0x00000000f5580000)
  object space 258560K, 13% used [0x00000000e0000000,0x00000000e228f4c0,0x00000000efc80000)
 Metaspace       used 74783K, capacity 78246K, committed 78336K, reserved 1116160K
  class space    used 9915K, capacity 10667K, committed 10752K, reserved 1048576K
Event: 77.647 GC heap after
Heap after GC invocations=18 (full 3):
 PSYoungGen      total 151040K, used 23551K [0x00000000f5580000, 0x0000000100000000, 0x0000000100000000)
  eden space 127488K, 0% used [0x00000000f5580000,0x00000000f5580000,0x00000000fd200000)
  from space 23552K, 99% used [0x00000000fd200000,0x00000000fe8fff80,0x00000000fe900000)
  to   space 23552K, 0% used [0x00000000fe900000,0x00000000fe900000,0x0000000100000000)
 ParOldGen       total 258560K, used 37932K [0x00000000e0000000, 0x00000000efc80000, 0x00000000f5580000)
  object space 258560K, 14% used [0x00000000e0000000,0x00000000e250b1c8,0x00000000efc80000)
 Metaspace       used 74783K, capacity 78246K, committed 78336K, reserved 1116160K
  class space    used 9915K, capacity 10667K, committed 10752K, reserved 1048576K
}
Event: 78.409 GC heap before
{Heap before GC invocations=19 (full 3):
 PSYoungGen      total 151040K, used 151039K [0x00000000f5580000, 0x0000000100000000, 0x0000000100000000)
  eden space 127488K, 100% used [0x00000000f5580000,0x00000000fd200000,0x00000000fd200000)
  from space 23552K, 99% used [0x00000000fd200000,0x00000000fe8fff80,0x00000000fe900000)
  to   space 23552K, 0% used [0x00000000fe900000,0x00000000fe900000,0x0000000100000000)
 ParOldGen       total 258560K, used 37932K [0x00000000e0000000, 0x00000000efc80000, 0x00000000f5580000)
  object space 258560K, 14% used [0x00000000e0000000,0x00000000e250b1c8,0x00000000efc80000)
 Metaspace       used 76190K, capacity 80024K, committed 80384K, reserved 1118208K
  class space    used 10114K, capacity 10902K, committed 11008K, reserved 1048576K
Event: 78.455 GC heap after
Heap after GC invocations=19 (full 3):
 PSYoungGen      total 126464K, used 23542K [0x00000000f5580000, 0x0000000100000000, 0x0000000100000000)
  eden space 102912K, 0% used [0x00000000f5580000,0x00000000f5580000,0x00000000fba00000)
  from space 23552K, 99% used [0x00000000fe900000,0x00000000ffffdb80,0x0000000100000000)
  to   space 35840K, 0% used [0x00000000fba00000,0x00000000fba00000,0x00000000fdd00000)
 ParOldGen       total 258560K, used 55854K [0x00000000e0000000, 0x00000000efc80000, 0x00000000f5580000)
  object space 258560K, 21% used [0x00000000e0000000,0x00000000e368bb10,0x00000000efc80000)
 Metaspace       used 76190K, capacity 80024K, committed 80384K, reserved 1118208K
  class space    used 10114K, capacity 10902K, committed 11008K, reserved 1048576K
}
Event: 130.982 GC heap before
{Heap before GC invocations=20 (full 3):
 PSYoungGen      total 126464K, used 126454K [0x00000000f5580000, 0x0000000100000000, 0x0000000100000000)
  eden space 102912K, 100% used [0x00000000f5580000,0x00000000fba00000,0x00000000fba00000)
  from space 23552K, 99% used [0x00000000fe900000,0x00000000ffffdb80,0x0000000100000000)
  to   space 35840K, 0% used [0x00000000fba00000,0x00000000fba00000,0x00000000fdd00000)
 ParOldGen       total 258560K, used 55854K [0x00000000e0000000, 0x00000000efc80000, 0x00000000f5580000)
  object space 258560K, 21% used [0x00000000e0000000,0x00000000e368bb10,0x00000000efc80000)
 Metaspace       used 80277K, capacity 84398K, committed 84480K, reserved 1122304K
  class space    used 10437K, capacity 11261K, committed 11264K, reserved 1048576K
Event: 130.998 GC heap after
Heap after GC invocations=20 (full 3):
 PSYoungGen      total 138752K, used 16010K [0x00000000f5580000, 0x0000000100000000, 0x0000000100000000)
  eden space 102912K, 0% used [0x00000000f5580000,0x00000000f5580000,0x00000000fba00000)
  from space 35840K, 44% used [0x00000000fba00000,0x00000000fc9a2af0,0x00000000fdd00000)
  to   space 34304K, 0% used [0x00000000fde80000,0x00000000fde80000,0x0000000100000000)
 ParOldGen       total 258560K, used 67953K [0x00000000e0000000, 0x00000000efc80000, 0x00000000f5580000)
  object space 258560K, 26% used [0x00000000e0000000,0x00000000e425c550,0x00000000efc80000)
 Metaspace       used 80277K, capacity 84398K, committed 84480K, reserved 1122304K
  class space    used 10437K, capacity 11261K, committed 11264K, reserved 1048576K
}
Event: 138.162 GC heap before
{Heap before GC invocations=21 (full 3):
 PSYoungGen      total 138752K, used 118922K [0x00000000f5580000, 0x0000000100000000, 0x0000000100000000)
  eden space 102912K, 100% used [0x00000000f5580000,0x00000000fba00000,0x00000000fba00000)
  from space 35840K, 44% used [0x00000000fba00000,0x00000000fc9a2af0,0x00000000fdd00000)
  to   space 34304K, 0% used [0x00000000fde80000,0x00000000fde80000,0x0000000100000000)
 ParOldGen       total 258560K, used 67953K [0x00000000e0000000, 0x00000000efc80000, 0x00000000f5580000)
  object space 258560K, 26% used [0x00000000e0000000,0x00000000e425c550,0x00000000efc80000)
 Metaspace       used 82015K, capacity 86060K, committed 86272K, reserved 1124352K
  class space    used 10623K, capacity 11506K, committed 11520K, reserved 1048576K
Event: 138.173 GC heap after
Heap after GC invocations=21 (full 3):
 PSYoungGen      total 134144K, used 17097K [0x00000000f5580000, 0x00000000ffb80000, 0x0000000100000000)
  eden space 104448K, 0% used [0x00000000f5580000,0x00000000f5580000,0x00000000fbb80000)
  from space 29696K, 57% used [0x00000000fde80000,0x00000000fef32730,0x00000000ffb80000)
  to   space 32768K, 0% used [0x00000000fbb80000,0x00000000fbb80000,0x00000000fdb80000)
 ParOldGen       total 258560K, used 67961K [0x00000000e0000000, 0x00000000efc80000, 0x00000000f5580000)
  object space 258560K, 26% used [0x00000000e0000000,0x00000000e425e550,0x00000000efc80000)
 Metaspace       used 82015K, capacity 86060K, committed 86272K, reserved 1124352K
  class space    used 10623K, capacity 11506K, committed 11520K, reserved 1048576K
}
Event: 140.386 GC heap before
{Heap before GC invocations=22 (full 3):
 PSYoungGen      total 134144K, used 121545K [0x00000000f5580000, 0x00000000ffb80000, 0x0000000100000000)
  eden space 104448K, 100% used [0x00000000f5580000,0x00000000fbb80000,0x00000000fbb80000)
  from space 29696K, 57% used [0x00000000fde80000,0x00000000fef32730,0x00000000ffb80000)
  to   space 32768K, 0% used [0x00000000fbb80000,0x00000000fbb80000,0x00000000fdb80000)
 ParOldGen       total 258560K, used 67961K [0x00000000e0000000, 0x00000000efc80000, 0x00000000f5580000)
  object space 258560K, 26% used [0x00000000e0000000,0x00000000e425e550,0x00000000efc80000)
 Metaspace       used 84351K, capacity 88726K, committed 89088K, reserved 1126400K
  class space    used 10992K, capacity 11921K, committed 12032K, reserved 1048576K
Event: 140.399 GC heap after
Heap after GC invocations=22 (full 3):
 PSYoungGen      total 137216K, used 14982K [0x00000000f5580000, 0x0000000100000000, 0x0000000100000000)
  eden space 104448K, 0% used [0x00000000f5580000,0x00000000f5580000,0x00000000fbb80000)
  from space 32768K, 45% used [0x00000000fbb80000,0x00000000fca21b50,0x00000000fdb80000)
  to   space 31232K, 0% used [0x00000000fe180000,0x00000000fe180000,0x0000000100000000)
 ParOldGen       total 258560K, used 67969K [0x00000000e0000000, 0x00000000efc80000, 0x00000000f5580000)
  object space 258560K, 26% used [0x00000000e0000000,0x00000000e4260550,0x00000000efc80000)
 Metaspace       used 84351K, capacity 88726K, committed 89088K, reserved 1126400K
  class space    used 10992K, capacity 11921K, committed 12032K, reserved 1048576K
}

