# JRE version: OpenJDK Runtime Environment (8.0_202-b03) (build 1.8.0_202-release-1483-b03)
# Java VM: OpenJDK 64-Bit Server VM (25.202-b03 mixed mode windows-amd64 compressed oops)
Heap:
 PSYoungGen      total 116736K, used 92547K [0x00000000f5580000, 0x0000000100000000, 0x0000000100000000)
  eden space 58880K, 68% used [0x00000000f5580000,0x00000000f7d0ca30,0x00000000f8f00000)
  from space 57856K, 89% used [0x00000000fc780000,0x00000000ffa54208,0x0000000100000000)
  to   space 57856K, 0% used [0x00000000f8f00000,0x00000000f8f00000,0x00000000fc780000)
 ParOldGen       total 296960K, used 110708K [0x00000000e0000000, 0x00000000f2200000, 0x00000000f5580000)
  object space 296960K, 37% used [0x00000000e0000000,0x00000000e6c1d068,0x00000000f2200000)
 Metaspace       used 72482K, capacity 75656K, committed 75928K, reserved 1114112K
  class space    used 9675K, capacity 10380K, committed 10416K, reserved 1048576K
GC Heap History (10 events):
Event: 51.703 GC heap before
{Heap before GC invocations=19 (full 3):
 PSYoungGen      total 153600K, used 153588K [0x00000000f5580000, 0x0000000100000000, 0x0000000100000000)
  eden space 132608K, 100% used [0x00000000f5580000,0x00000000fd700000,0x00000000fd700000)
  from space 20992K, 99% used [0x00000000fd700000,0x00000000feb7d180,0x00000000feb80000)
  to   space 20992K, 0% used [0x00000000feb80000,0x00000000feb80000,0x0000000100000000)
 ParOldGen       total 296960K, used 52572K [0x00000000e0000000, 0x00000000f2200000, 0x00000000f5580000)
  object space 296960K, 17% used [0x00000000e0000000,0x00000000e3357360,0x00000000f2200000)
 Metaspace       used 72126K, capacity 75288K, committed 75416K, reserved 1114112K
  class space    used 9659K, capacity 10372K, committed 10416K, reserved 1048576K
Event: 51.720 GC heap after
Heap after GC invocations=19 (full 3):
 PSYoungGen      total 117760K, used 20968K [0x00000000f5580000, 0x0000000100000000, 0x0000000100000000)
  eden space 96768K, 0% used [0x00000000f5580000,0x00000000f5580000,0x00000000fb400000)
  from space 20992K, 99% used [0x00000000feb80000,0x00000000ffffa2f8,0x0000000100000000)
  to   space 38912K, 0% used [0x00000000fb400000,0x00000000fb400000,0x00000000fda00000)
 ParOldGen       total 296960K, used 73988K [0x00000000e0000000, 0x00000000f2200000, 0x00000000f5580000)
  object space 296960K, 24% used [0x00000000e0000000,0x00000000e4841070,0x00000000f2200000)
 Metaspace       used 72126K, capacity 75288K, committed 75416K, reserved 1114112K
  class space    used 9659K, capacity 10372K, committed 10416K, reserved 1048576K
}
Event: 51.986 GC heap before
{Heap before GC invocations=20 (full 3):
 PSYoungGen      total 117760K, used 117736K [0x00000000f5580000, 0x0000000100000000, 0x0000000100000000)
  eden space 96768K, 100% used [0x00000000f5580000,0x00000000fb400000,0x00000000fb400000)
  from space 20992K, 99% used [0x00000000feb80000,0x00000000ffffa2f8,0x0000000100000000)
  to   space 38912K, 0% used [0x00000000fb400000,0x00000000fb400000,0x00000000fda00000)
 ParOldGen       total 296960K, used 74428K [0x00000000e0000000, 0x00000000f2200000, 0x00000000f5580000)
  object space 296960K, 25% used [0x00000000e0000000,0x00000000e48af0e8,0x00000000f2200000)
 Metaspace       used 72217K, capacity 75358K, committed 75416K, reserved 1114112K
  class space    used 9660K, capacity 10373K, committed 10416K, reserved 1048576K
Event: 52.010 GC heap after
Heap after GC invocations=20 (full 3):
 PSYoungGen      total 135680K, used 38906K [0x00000000f5580000, 0x0000000100000000, 0x0000000100000000)
  eden space 96768K, 0% used [0x00000000f5580000,0x00000000f5580000,0x00000000fb400000)
  from space 38912K, 99% used [0x00000000fb400000,0x00000000fd9fe8e0,0x00000000fda00000)
  to   space 38912K, 0% used [0x00000000fda00000,0x00000000fda00000,0x0000000100000000)
 ParOldGen       total 296960K, used 100400K [0x00000000e0000000, 0x00000000f2200000, 0x00000000f5580000)
  object space 296960K, 33% used [0x00000000e0000000,0x00000000e620c308,0x00000000f2200000)
 Metaspace       used 72217K, capacity 75358K, committed 75416K, reserved 1114112K
  class space    used 9660K, capacity 10373K, committed 10416K, reserved 1048576K
}
Event: 52.183 GC heap before
{Heap before GC invocations=21 (full 3):
 PSYoungGen      total 135680K, used 135674K [0x00000000f5580000, 0x0000000100000000, 0x0000000100000000)
  eden space 96768K, 100% used [0x00000000f5580000,0x00000000fb400000,0x00000000fb400000)
  from space 38912K, 99% used [0x00000000fb400000,0x00000000fd9fe8e0,0x00000000fda00000)
  to   space 38912K, 0% used [0x00000000fda00000,0x00000000fda00000,0x0000000100000000)
 ParOldGen       total 296960K, used 100405K [0x00000000e0000000, 0x00000000f2200000, 0x00000000f5580000)
  object space 296960K, 33% used [0x00000000e0000000,0x00000000e620d480,0x00000000f2200000)
 Metaspace       used 72305K, capacity 75388K, committed 75672K, reserved 1114112K
  class space    used 9670K, capacity 10378K, committed 10416K, reserved 1048576K
Event: 52.208 GC heap after
Heap after GC invocations=21 (full 3):
 PSYoungGen      total 97792K, used 38906K [0x00000000f5580000, 0x0000000100000000, 0x0000000100000000)
  eden space 58880K, 0% used [0x00000000f5580000,0x00000000f5580000,0x00000000f8f00000)
  from space 38912K, 99% used [0x00000000fda00000,0x00000000ffffe8a0,0x0000000100000000)
  to   space 57856K, 0% used [0x00000000f8f00000,0x00000000f8f00000,0x00000000fc780000)
 ParOldGen       total 296960K, used 110240K [0x00000000e0000000, 0x00000000f2200000, 0x00000000f5580000)
  object space 296960K, 37% used [0x00000000e0000000,0x00000000e6ba8130,0x00000000f2200000)
 Metaspace       used 72305K, capacity 75388K, committed 75672K, reserved 1114112K
  class space    used 9670K, capacity 10378K, committed 10416K, reserved 1048576K
}
Event: 52.324 GC heap before
{Heap before GC invocations=22 (full 3):
 PSYoungGen      total 97792K, used 97786K [0x00000000f5580000, 0x0000000100000000, 0x0000000100000000)
  eden space 58880K, 100% used [0x00000000f5580000,0x00000000f8f00000,0x00000000f8f00000)
  from space 38912K, 99% used [0x00000000fda00000,0x00000000ffffe8a0,0x0000000100000000)
  to   space 57856K, 0% used [0x00000000f8f00000,0x00000000f8f00000,0x00000000fc780000)
 ParOldGen       total 296960K, used 110240K [0x00000000e0000000, 0x00000000f2200000, 0x00000000f5580000)
  object space 296960K, 37% used [0x00000000e0000000,0x00000000e6ba8130,0x00000000f2200000)
 Metaspace       used 72319K, capacity 75394K, committed 75672K, reserved 1114112K
  class space    used 9671K, capacity 10379K, committed 10416K, reserved 1048576K
Event: 52.340 GC heap after
Heap after GC invocations=22 (full 3):
 PSYoungGen      total 116736K, used 50714K [0x00000000f5580000, 0x0000000100000000, 0x0000000100000000)
  eden space 58880K, 0% used [0x00000000f5580000,0x00000000f5580000,0x00000000f8f00000)
  from space 57856K, 87% used [0x00000000f8f00000,0x00000000fc086ac0,0x00000000fc780000)
  to   space 57856K, 0% used [0x00000000fc780000,0x00000000fc780000,0x0000000100000000)
 ParOldGen       total 296960K, used 110248K [0x00000000e0000000, 0x00000000f2200000, 0x00000000f5580000)
  object space 296960K, 37% used [0x00000000e0000000,0x00000000e6baa130,0x00000000f2200000)
 Metaspace       used 72319K, capacity 75394K, committed 75672K, reserved 1114112K
  class space    used 9671K, capacity 10379K, committed 10416K, reserved 1048576K
}
Event: 52.563 GC heap before
{Heap before GC invocations=23 (full 3):
 PSYoungGen      total 116736K, used 109594K [0x00000000f5580000, 0x0000000100000000, 0x0000000100000000)
  eden space 58880K, 100% used [0x00000000f5580000,0x00000000f8f00000,0x00000000f8f00000)
  from space 57856K, 87% used [0x00000000f8f00000,0x00000000fc086ac0,0x00000000fc780000)
  to   space 57856K, 0% used [0x00000000fc780000,0x00000000fc780000,0x0000000100000000)
 ParOldGen       total 296960K, used 110700K [0x00000000e0000000, 0x00000000f2200000, 0x00000000f5580000)
  object space 296960K, 37% used [0x00000000e0000000,0x00000000e6c1b068,0x00000000f2200000)
 Metaspace       used 72381K, capacity 75528K, committed 75672K, reserved 1114112K
  class space    used 9672K, capacity 10380K, committed 10416K, reserved 1048576K
Event: 52.578 GC heap after
Heap after GC invocations=23 (full 3):
 PSYoungGen      total 116736K, used 52048K [0x00000000f5580000, 0x0000000100000000, 0x0000000100000000)
  eden space 58880K, 0% used [0x00000000f5580000,0x00000000f5580000,0x00000000f8f00000)
  from space 57856K, 89% used [0x00000000fc780000,0x00000000ffa54208,0x0000000100000000)
  to   space 57856K, 0% used [0x00000000f8f00000,0x00000000f8f00000,0x00000000fc780000)
 ParOldGen       total 296960K, used 110708K [0x00000000e0000000, 0x00000000f2200000, 0x00000000f5580000)
  object space 296960K, 37% used [0x00000000e0000000,0x00000000e6c1d068,0x00000000f2200000)
 Metaspace       used 72381K, capacity 75528K, committed 75672K, reserved 1114112K
  class space    used 9672K, capacity 10380K, committed 10416K, reserved 1048576K
}

